[2021-09-25 12:21:20.841] [exthost] [info] extension host started
[2021-09-25 12:21:20.872] [exthost] [info] Lock '/home/firstblizzard/.vscode-server/data/User/workspaceStorage/35f82ffa89812a47a955d63179df4b55/vscode.lock': Lock acquired.
[2021-09-25 12:21:20.897] [exthost] [info] ExtensionService#_doActivateExtension vscode.debug-auto-launch {"startup":true,"extensionId":{"value":"vscode.debug-auto-launch","_lower":"vscode.debug-auto-launch"},"activationEvent":"*"}
[2021-09-25 12:21:20.897] [exthost] [info] ExtensionService#loadCommonJSModule file:///home/firstblizzard/.vscode-server/bin/7f6ab5485bbc008386c4386d08766667e155244e/extensions/debug-auto-launch/dist/extension
[2021-09-25 12:21:20.908] [exthost] [info] ExtensionService#_doActivateExtension vscode.git {"startup":true,"extensionId":{"value":"vscode.github","_lower":"vscode.github"},"activationEvent":"*"}
[2021-09-25 12:21:20.909] [exthost] [info] ExtensionService#loadCommonJSModule file:///home/firstblizzard/.vscode-server/bin/7f6ab5485bbc008386c4386d08766667e155244e/extensions/git/dist/main
[2021-09-25 12:21:20.994] [exthost] [info] ExtensionService#_doActivateExtension christian-kohler.path-intellisense {"startup":true,"extensionId":{"value":"christian-kohler.path-intellisense","_lower":"christian-kohler.path-intellisense"},"activationEvent":"*"}
[2021-09-25 12:21:20.994] [exthost] [info] ExtensionService#loadCommonJSModule file:///home/firstblizzard/.vscode-server/extensions/christian-kohler.path-intellisense-2.4.0/out/extension.js
[2021-09-25 12:21:21.002] [exthost] [info] ExtensionService#_doActivateExtension naumovs.color-highlight {"startup":true,"extensionId":{"value":"naumovs.color-highlight","_lower":"naumovs.color-highlight"},"activationEvent":"*"}
[2021-09-25 12:21:21.003] [exthost] [info] ExtensionService#loadCommonJSModule file:///home/firstblizzard/.vscode-server/extensions/naumovs.color-highlight-2.5.0/dist/extension-node.js
[2021-09-25 12:21:21.016] [exthost] [info] ExtensionService#_doActivateExtension ritwickdey.LiveServer {"startup":true,"extensionId":{"value":"ritwickdey.LiveServer","_lower":"ritwickdey.liveserver"},"activationEvent":"*"}
[2021-09-25 12:21:21.016] [exthost] [info] ExtensionService#loadCommonJSModule file:///home/firstblizzard/.vscode-server/extensions/ritwickdey.liveserver-5.6.1/out/src/extension
[2021-09-25 12:21:21.336] [exthost] [info] ExtensionService#_doActivateExtension vscode.github {"startup":true,"extensionId":{"value":"vscode.github","_lower":"vscode.github"},"activationEvent":"*"}
[2021-09-25 12:21:21.336] [exthost] [info] ExtensionService#loadCommonJSModule file:///home/firstblizzard/.vscode-server/bin/7f6ab5485bbc008386c4386d08766667e155244e/extensions/github/dist/extension.js
[2021-09-25 12:21:21.367] [exthost] [info] ExtensionService#_doActivateExtension vscode.emmet {"startup":false,"extensionId":{"value":"vscode.emmet","_lower":"vscode.emmet"},"activationEvent":"onStartupFinished"}
[2021-09-25 12:21:21.367] [exthost] [info] ExtensionService#loadCommonJSModule file:///home/firstblizzard/.vscode-server/bin/7f6ab5485bbc008386c4386d08766667e155244e/extensions/emmet/dist/node/emmetNodeMain
[2021-09-25 12:21:21.379] [exthost] [info] ExtensionService#_doActivateExtension vscode.merge-conflict {"startup":false,"extensionId":{"value":"vscode.merge-conflict","_lower":"vscode.merge-conflict"},"activationEvent":"onStartupFinished"}
[2021-09-25 12:21:21.379] [exthost] [info] ExtensionService#loadCommonJSModule file:///home/firstblizzard/.vscode-server/bin/7f6ab5485bbc008386c4386d08766667e155244e/extensions/merge-conflict/dist/mergeConflictMain
[2021-09-25 12:21:21.382] [exthost] [info] ExtensionService#_doActivateExtension esbenp.prettier-vscode {"startup":false,"extensionId":{"value":"esbenp.prettier-vscode","_lower":"esbenp.prettier-vscode"},"activationEvent":"onStartupFinished"}
[2021-09-25 12:21:21.382] [exthost] [info] ExtensionService#loadCommonJSModule file:///home/firstblizzard/.vscode-server/extensions/esbenp.prettier-vscode-9.0.0/dist/extension
[2021-09-25 12:21:21.798] [exthost] [info] eager extensions activated
[2021-09-25 12:21:21.800] [exthost] [info] ExtensionService#_doActivateExtension ms-vscode.js-debug {"startup":false,"extensionId":{"value":"ms-vscode.js-debug","_lower":"ms-vscode.js-debug"},"activationEvent":"onCommand:extension.js-debug.clearAutoAttachVariables"}
[2021-09-25 12:21:21.800] [exthost] [info] ExtensionService#loadCommonJSModule file:///home/firstblizzard/.vscode-server/bin/7f6ab5485bbc008386c4386d08766667e155244e/extensions/ms-vscode.js-debug/src/extension.js
[2021-09-25 12:21:26.111] [exthost] [info] extension host terminating: received terminate message from renderer
[2021-09-25 12:21:26.112] [exthost] [info] Lock '/home/firstblizzard/.vscode-server/data/User/workspaceStorage/35f82ffa89812a47a955d63179df4b55/vscode.lock': Marking the lockfile as scheduled to be released in 6000 ms.
[2021-09-25 12:21:27.140] [exthost] [info] exiting with code 0
