[2021-10-12 01:12:39.325] [exthost] [info] extension host started
[2021-10-12 01:12:39.353] [exthost] [info] Lock '/home/firstblizzard/.vscode-server/data/User/workspaceStorage/53d1b4264a3c8befa9708d6db8908640/vscode.lock': Lock acquired.
[2021-10-12 01:12:39.409] [exthost] [info] ExtensionService#_doActivateExtension vscode.debug-auto-launch, startup: true, activationEvent: '*'
[2021-10-12 01:12:39.409] [exthost] [info] ExtensionService#loadCommonJSModule file:///home/firstblizzard/.vscode-server/bin/ee8c7def80afc00dd6e593ef12f37756d8f504ea/extensions/debug-auto-launch/dist/extension
[2021-10-12 01:12:39.418] [exthost] [info] ExtensionService#_doActivateExtension vscode.git, startup: true, activationEvent: '*', root cause: vscode.github
[2021-10-12 01:12:39.418] [exthost] [info] ExtensionService#loadCommonJSModule file:///home/firstblizzard/.vscode-server/bin/ee8c7def80afc00dd6e593ef12f37756d8f504ea/extensions/git/dist/main
[2021-10-12 01:12:39.503] [exthost] [info] ExtensionService#_doActivateExtension christian-kohler.path-intellisense, startup: true, activationEvent: '*'
[2021-10-12 01:12:39.503] [exthost] [info] ExtensionService#loadCommonJSModule file:///home/firstblizzard/.vscode-server/extensions/christian-kohler.path-intellisense-2.4.0/out/extension.js
[2021-10-12 01:12:39.534] [exthost] [info] ExtensionService#_doActivateExtension naumovs.color-highlight, startup: true, activationEvent: '*'
[2021-10-12 01:12:39.534] [exthost] [info] ExtensionService#loadCommonJSModule file:///home/firstblizzard/.vscode-server/extensions/naumovs.color-highlight-2.5.0/dist/extension-node.js
[2021-10-12 01:12:39.551] [exthost] [info] ExtensionService#_doActivateExtension ritwickdey.LiveServer, startup: true, activationEvent: '*'
[2021-10-12 01:12:39.551] [exthost] [info] ExtensionService#loadCommonJSModule file:///home/firstblizzard/.vscode-server/extensions/ritwickdey.liveserver-5.6.1/out/src/extension
[2021-10-12 01:12:39.935] [exthost] [info] ExtensionService#_doActivateExtension vscode.github, startup: true, activationEvent: '*'
[2021-10-12 01:12:39.935] [exthost] [info] ExtensionService#loadCommonJSModule file:///home/firstblizzard/.vscode-server/bin/ee8c7def80afc00dd6e593ef12f37756d8f504ea/extensions/github/dist/extension.js
[2021-10-12 01:12:39.970] [exthost] [info] ExtensionService#_doActivateExtension ms-vscode.js-debug, startup: false, activationEvent: 'onCommand:extension.js-debug.clearAutoAttachVariables'
[2021-10-12 01:12:39.970] [exthost] [info] ExtensionService#loadCommonJSModule file:///home/firstblizzard/.vscode-server/bin/ee8c7def80afc00dd6e593ef12f37756d8f504ea/extensions/ms-vscode.js-debug/src/extension.js
[2021-10-12 01:12:40.167] [exthost] [info] ExtensionService#_doActivateExtension vscode.emmet, startup: false, activationEvent: 'onStartupFinished'
[2021-10-12 01:12:40.167] [exthost] [info] ExtensionService#loadCommonJSModule file:///home/firstblizzard/.vscode-server/bin/ee8c7def80afc00dd6e593ef12f37756d8f504ea/extensions/emmet/dist/node/emmetNodeMain
[2021-10-12 01:12:40.180] [exthost] [info] ExtensionService#_doActivateExtension vscode.merge-conflict, startup: false, activationEvent: 'onStartupFinished'
[2021-10-12 01:12:40.180] [exthost] [info] ExtensionService#loadCommonJSModule file:///home/firstblizzard/.vscode-server/bin/ee8c7def80afc00dd6e593ef12f37756d8f504ea/extensions/merge-conflict/dist/mergeConflictMain
[2021-10-12 01:12:40.183] [exthost] [info] ExtensionService#_doActivateExtension esbenp.prettier-vscode, startup: false, activationEvent: 'onStartupFinished'
[2021-10-12 01:12:40.183] [exthost] [info] ExtensionService#loadCommonJSModule file:///home/firstblizzard/.vscode-server/extensions/esbenp.prettier-vscode-9.0.0/dist/extension
[2021-10-12 01:12:40.616] [exthost] [info] eager extensions activated
[2021-10-12 01:45:25.705] [exthost] [info] extension host terminating: received terminate message from renderer
[2021-10-12 01:45:25.706] [exthost] [info] Lock '/home/firstblizzard/.vscode-server/data/User/workspaceStorage/53d1b4264a3c8befa9708d6db8908640/vscode.lock': Marking the lockfile as scheduled to be released in 6000 ms.
[2021-10-12 01:45:26.725] [exthost] [info] exiting with code 0
